[    0.000000] Linux version 4.15.0-212-generic (buildd@lcy02-amd64-083) (gcc version 7.5.0 (Ubuntu 7.5.0-3ubuntu1~18.04)) #223-Ubuntu SMP Tue May 23 13:09:22 UTC 2023 (Ubuntu 4.15.0-212.223-generic 4.15.18)
[    0.000000] Command line: BOOT_IMAGE=/boot/vmlinuz-4.15.0-212-generic root=LABEL=cloudimg-rootfs ro console=tty1 console=ttyS0
[    0.000000] KERNEL supported cpus:
[    0.000000]   Intel GenuineIntel
[    0.000000]   AMD AuthenticAMD
[    0.000000]   Centaur CentaurHauls
[    0.000000] [Firmware Bug]: TSC doesn't count with P0 frequency!
[    0.000000] x86/fpu: x87 FPU will use FXSAVE
[    0.000000] e820: BIOS-provided physical RAM map:
[    0.000000] BIOS-e820: [mem 0x0000000000000000-0x000000000009fbff] usable
[    0.000000] BIOS-e820: [mem 0x000000000009fc00-0x000000000009ffff] reserved
[    0.000000] BIOS-e820: [mem 0x00000000000f0000-0x00000000000fffff] reserved
[    0.000000] BIOS-e820: [mem 0x0000000000100000-0x000000003ffeffff] usable
[    0.000000] BIOS-e820: [mem 0x000000003fff0000-0x000000003fffffff] ACPI data
[    0.000000] BIOS-e820: [mem 0x00000000fec00000-0x00000000fec00fff] reserved
[    0.000000] BIOS-e820: [mem 0x00000000fee00000-0x00000000fee00fff] reserved
[    0.000000] BIOS-e820: [mem 0x00000000fffc0000-0x00000000ffffffff] reserved
[    0.000000] NX (Execute Disable) protection: active
[    0.000000] SMBIOS 2.5 present.
[    0.000000] DMI: innotek GmbH VirtualBox/VirtualBox, BIOS VirtualBox 12/01/2006
[    0.000000] Hypervisor detected: KVM
[    0.000000] e820: last_pfn = 0x3fff0 max_arch_pfn = 0x400000000
[    0.000000] MTRR: Disabled
[    0.000000] x86/PAT: MTRRs disabled, skipping PAT initialization too.
[    0.000000] CPU MTRRs all blank - virtualized system.
[    0.000000] x86/PAT: Configuration [0-7]: WB  WT  UC- UC  WB  WT  UC- UC  
[    0.000000] found SMP MP-table at [mem 0x0009fff0-0x0009ffff]
[    0.000000] Scanning 1 areas for low memory corruption
[    0.000000] RAMDISK: [mem 0x359cb000-0x36cdcfff]
[    0.000000] ACPI: Early table checksum verification disabled
[    0.000000] ACPI: RSDP 0x00000000000E0000 000024 (v02 VBOX  )
[    0.000000] ACPI: XSDT 0x000000003FFF0030 00003C (v01 VBOX   VBOXXSDT 00000001 ASL  00000061)
[    0.000000] ACPI: FACP 0x000000003FFF00F0 0000F4 (v04 VBOX   VBOXFACP 00000001 ASL  00000061)
[    0.000000] ACPI: DSDT 0x000000003FFF0610 002353 (v02 VBOX   VBOXBIOS 00000002 INTL 20100528)
[    0.000000] ACPI: FACS 0x000000003FFF0200 000040
[    0.000000] ACPI: FACS 0x000000003FFF0200 000040
[    0.000000] ACPI: APIC 0x000000003FFF0240 00005C (v02 VBOX   VBOXAPIC 00000001 ASL  00000061)
[    0.000000] ACPI: SSDT 0x000000003FFF02A0 00036C (v01 VBOX   VBOXCPUT 00000002 INTL 20100528)
[    0.000000] ACPI: Reserving FACP table memory at [mem 0x3fff00f0-0x3fff01e3]
[    0.000000] ACPI: Reserving DSDT table memory at [mem 0x3fff0610-0x3fff2962]
[    0.000000] ACPI: Reserving FACS table memory at [mem 0x3fff0200-0x3fff023f]
[    0.000000] ACPI: Reserving FACS table memory at [mem 0x3fff0200-0x3fff023f]
[    0.000000] ACPI: Reserving APIC table memory at [mem 0x3fff0240-0x3fff029b]
[    0.000000] ACPI: Reserving SSDT table memory at [mem 0x3fff02a0-0x3fff060b]
[    0.000000] No NUMA configuration found
[    0.000000] Faking a node at [mem 0x0000000000000000-0x000000003ffeffff]
[    0.000000] NODE_DATA(0) allocated [mem 0x3ffc5000-0x3ffeffff]
[    0.000000] kvm-clock: cpu 0, msr 0:3ff44001, primary cpu clock
[    0.000000] kvm-clock: Using msrs 4b564d01 and 4b564d00
[    0.000000] kvm-clock: using sched offset of 3541078407 cycles
[    0.000000] clocksource: kvm-clock: mask: 0xffffffffffffffff max_cycles: 0x1cd42e4dffb, max_idle_ns: 881590591483 ns
[    0.000000] Zone ranges:
[    0.000000]   DMA      [mem 0x0000000000001000-0x0000000000ffffff]
[    0.000000]   DMA32    [mem 0x0000000001000000-0x000000003ffeffff]
[    0.000000]   Normal   empty
[    0.000000]   Device   empty
[    0.000000] Movable zone start for each node
[    0.000000] Early memory node ranges
[    0.000000]   node   0: [mem 0x0000000000001000-0x000000000009efff]
[    0.000000]   node   0: [mem 0x0000000000100000-0x000000003ffeffff]
[    0.000000] Reserved but unavailable: 104 pages
[    0.000000] Initmem setup node 0 [mem 0x0000000000001000-0x000000003ffeffff]
[    0.000000] ACPI: PM-Timer IO Port: 0x4008
[    0.000000] IOAPIC[0]: apic_id 2, version 32, address 0xfec00000, GSI 0-23
[    0.000000] ACPI: INT_SRC_OVR (bus 0 bus_irq 0 global_irq 2 dfl dfl)
[    0.000000] ACPI: INT_SRC_OVR (bus 0 bus_irq 9 global_irq 9 low level)
[    0.000000] Using ACPI (MADT) for SMP configuration information
[    0.000000] smpboot: Allowing 2 CPUs, 0 hotplug CPUs
[    0.000000] PM: Registered nosave memory: [mem 0x00000000-0x00000fff]
[    0.000000] PM: Registered nosave memory: [mem 0x0009f000-0x0009ffff]
[    0.000000] PM: Registered nosave memory: [mem 0x000a0000-0x000effff]
[    0.000000] PM: Registered nosave memory: [mem 0x000f0000-0x000fffff]
[    0.000000] e820: [mem 0x40000000-0xfebfffff] available for PCI devices
[    0.000000] Booting paravirtualized kernel on KVM
[    0.000000] clocksource: refined-jiffies: mask: 0xffffffff max_cycles: 0xffffffff, max_idle_ns: 7645519600211568 ns
[    0.000000] setup_percpu: NR_CPUS:8192 nr_cpumask_bits:2 nr_cpu_ids:2 nr_node_ids:1
[    0.000000] percpu: Embedded 50 pages/cpu s167936 r8192 d28672 u1048576
[    0.000000] PV qspinlock hash table entries: 256 (order: 0, 4096 bytes)
[    0.000000] Built 1 zonelists, mobility grouping on.  Total pages: 257913
[    0.000000] Policy zone: DMA32
[    0.000000] Kernel command line: BOOT_IMAGE=/boot/vmlinuz-4.15.0-212-generic root=LABEL=cloudimg-rootfs ro console=tty1 console=ttyS0
[    0.000000] Memory: 982644K/1048120K available (12300K kernel code, 2477K rwdata, 4324K rodata, 2480K init, 2720K bss, 65476K reserved, 0K cma-reserved)
[    0.000000] SLUB: HWalign=64, Order=0-3, MinObjects=0, CPUs=2, Nodes=1
[    0.000000] ftrace: allocating 39508 entries in 155 pages
[    0.004000] Hierarchical RCU implementation.
[    0.004000] 	RCU restricting CPUs from NR_CPUS=8192 to nr_cpu_ids=2.
[    0.004000] 	Tasks RCU enabled.
[    0.004000] RCU: Adjusting geometry for rcu_fanout_leaf=16, nr_cpu_ids=2
[    0.004000] NR_IRQS: 524544, nr_irqs: 440, preallocated irqs: 16
[    0.004000] random: crng init done
[    0.004000] Console: colour VGA+ 80x25
[    0.004000] console [tty1] enabled
[    0.004000] console [ttyS0] enabled
[    0.004000] ACPI: Core revision 20170831
[    0.004000] ACPI: 2 ACPI AML tables successfully acquired and loaded
[    0.004000] APIC: Switch to symmetric I/O mode setup
[    0.004000] ..TIMER: vector=0x30 apic1=0 pin1=2 apic2=-1 pin2=-1
[    0.004000] tsc: Detected 3193.910 MHz processor
[    0.004000] Calibrating delay loop (skipped) preset value.. 6387.82 BogoMIPS (lpj=12775640)
[    0.004007] pid_max: default: 32768 minimum: 301
[    0.008082] Security Framework initialized
[    0.012005] Yama: becoming mindful.
[    0.013850] AppArmor: AppArmor initialized
[    0.018536] Dentry cache hash table entries: 131072 (order: 8, 1048576 bytes)
[    0.024228] Inode-cache hash table entries: 65536 (order: 7, 524288 bytes)
[    0.028067] Mount-cache hash table entries: 2048 (order: 2, 16384 bytes)
[    0.032063] Mountpoint-cache hash table entries: 2048 (order: 2, 16384 bytes)
[    0.037028] Last level iTLB entries: 4KB 512, 2MB 512, 4MB 256
[    0.040005] Last level dTLB entries: 4KB 2048, 2MB 2048, 4MB 1024, 1GB 0
[    0.044005] Spectre V1 : Mitigation: usercopy/swapgs barriers and __user pointer sanitization
[    0.048000] Spectre V2 : Mitigation: Retpolines
[    0.048007] Spectre V2 : Spectre v2 / SpectreRSB mitigation: Filling RSB on context switch
[    0.052005] Spectre V2 : Spectre v2 / SpectreRSB : Filling RSB on VMEXIT
[    0.056214] Freeing SMP alternatives memory: 36K
[    0.180300] smpboot: CPU0: AMD Ryzen 7 5800HS with Radeon Graphics (family: 0x19, model: 0x50, stepping: 0x0)
[    0.184361] Performance Events: PMU not available due to virtualization, using software events only.
[    0.188141] Hierarchical SRCU implementation.
[    0.192733] NMI watchdog: Perf event create on CPU 0 failed with -2
[    0.196004] NMI watchdog: Perf NMI watchdog permanently disabled
[    0.199584] smp: Bringing up secondary CPUs ...
[    0.200682] x86: Booting SMP configuration:
[    0.204008] .... node  #0, CPUs:      #1
[    0.004000] kvm-clock: cpu 1, msr 0:3ff44041, secondary cpu clock
[    0.212000] TSC synchronization [CPU#0 -> CPU#1]:
[    0.212000] Measured 79213 cycles TSC warp between CPUs, turning off TSC clock.
[    0.212000] tsc: Marking TSC unstable due to check_tsc_sync_source failed
[    0.212114] smp: Brought up 1 node, 2 CPUs
[    0.216006] smpboot: Max logical packages: 1
[    0.218316] smpboot: Total of 2 processors activated (12775.64 BogoMIPS)
[    0.224429] devtmpfs: initialized
[    0.225981] x86/mm: Memory block size: 128MB
[    0.228390] evm: security.selinux
[    0.232004] evm: security.SMACK64
[    0.233950] evm: security.SMACK64EXEC
[    0.236006] evm: security.SMACK64TRANSMUTE
[    0.240003] evm: security.SMACK64MMAP
[    0.241917] evm: security.apparmor
[    0.244002] evm: security.ima
[    0.245629] evm: security.capability
[    0.252136] clocksource: jiffies: mask: 0xffffffff max_cycles: 0xffffffff, max_idle_ns: 7645041785100000 ns
[    0.256021] futex hash table entries: 512 (order: 3, 32768 bytes)
[    0.259068] pinctrl core: initialized pinctrl subsystem
[    0.260288] RTC time: 22:39:45, date: 07/06/24
[    0.264796] NET: Registered protocol family 16
[    0.266975] audit: initializing netlink subsys (disabled)
[    0.268199] audit: type=2000 audit(1720305589.984:1): state=initialized audit_enabled=0 res=1
[    0.272077] cpuidle: using governor ladder
[    0.276086] cpuidle: using governor menu
[    0.280590] ACPI: bus type PCI registered
[    0.282192] acpiphp: ACPI Hot Plug PCI Controller Driver version: 0.5
[    0.284349] PCI: Using configuration type 1 for base access
[    0.288003] PCI: Using configuration type 1 for extended access
[    0.296274] HugeTLB registered 2.00 MiB page size, pre-allocated 0 pages
[    0.304217] ACPI: Added _OSI(Module Device)
[    0.306262] ACPI: Added _OSI(Processor Device)
[    0.308006] ACPI: Added _OSI(3.0 _SCP Extensions)
[    0.310183] ACPI: Added _OSI(Processor Aggregator Device)
[    0.312006] ACPI: Added _OSI(Linux-Dell-Video)
[    0.314390] ACPI: Added _OSI(Linux-Lenovo-NV-HDMI-Audio)
[    0.316007] ACPI: Added _OSI(Linux-HPI-Hybrid-Graphics)
[    0.319096] ACPI: Executed 1 blocks of module-level executable AML code
[    0.324777] ACPI: Interpreter enabled
[    0.326749] ACPI: (supports S0 S5)
[    0.328006] ACPI: Using IOAPIC for interrupt routing
[    0.330692] PCI: Using host bridge windows from ACPI; if necessary, use "pci=nocrs" and report a bug
[    0.332203] ACPI: Enabled 2 GPEs in block 00 to 07
[    0.343471] ACPI: PCI Root Bridge [PCI0] (domain 0000 [bus 00-ff])
[    0.344023] acpi PNP0A03:00: _OSC: OS supports [ExtendedConfig ASPM ClockPM Segments MSI]
[    0.349537] acpi PNP0A03:00: _OSC: platform does not support [PCIeCapability]
[    0.352500] acpi PNP0A03:00: _OSC: not requesting control; platform does not support [PCIeCapability]
[    0.356009] acpi PNP0A03:00: _OSC: OS requested [PCIeHotplug PME AER PCIeCapability]
[    0.360009] acpi PNP0A03:00: _OSC: platform willing to grant [PCIeHotplug PME AER]
[    0.364014] acpi PNP0A03:00: _OSC failed (AE_SUPPORT); disabling ASPM
[    0.368536] PCI host bridge to bus 0000:00
[    0.370609] pci_bus 0000:00: root bus resource [io  0x0000-0x0cf7 window]
[    0.372011] pci_bus 0000:00: root bus resource [io  0x0d00-0xffff window]
[    0.376007] pci_bus 0000:00: root bus resource [mem 0x000a0000-0x000bffff window]
[    0.380007] pci_bus 0000:00: root bus resource [mem 0x40000000-0xfdffffff window]
[    0.384005] pci_bus 0000:00: root bus resource [bus 00-ff]
[    0.392415] pci 0000:00:01.1: legacy IDE quirk: reg 0x10: [io  0x01f0-0x01f7]
[    0.396007] pci 0000:00:01.1: legacy IDE quirk: reg 0x14: [io  0x03f6]
[    0.399143] pci 0000:00:01.1: legacy IDE quirk: reg 0x18: [io  0x0170-0x0177]
[    0.404010] pci 0000:00:01.1: legacy IDE quirk: reg 0x1c: [io  0x0376]
[    0.421906] pci 0000:00:07.0: quirk: [io  0x4000-0x403f] claimed by PIIX4 ACPI
[    0.424027] pci 0000:00:07.0: quirk: [io  0x4100-0x410f] claimed by PIIX4 SMB
[    0.437002] ACPI: PCI Interrupt Link [LNKA] (IRQs 5 9 10 *11)
[    0.440319] ACPI: PCI Interrupt Link [LNKB] (IRQs 5 9 *10 11)
[    0.443214] ACPI: PCI Interrupt Link [LNKC] (IRQs 5 *9 10 11)
[    0.444248] ACPI: PCI Interrupt Link [LNKD] (IRQs 5 9 10 *11)
[    0.448576] SCSI subsystem initialized
[    0.452158] pci 0000:00:02.0: vgaarb: setting as boot VGA device
[    0.454942] pci 0000:00:02.0: vgaarb: VGA device added: decodes=io+mem,owns=io+mem,locks=none
[    0.456009] pci 0000:00:02.0: vgaarb: bridge control possible
[    0.458707] vgaarb: loaded
[    0.460035] ACPI: bus type USB registered
[    0.462014] usbcore: registered new interface driver usbfs
[    0.464024] usbcore: registered new interface driver hub
[    0.468016] usbcore: registered new device driver usb
[    0.470499] EDAC MC: Ver: 3.0.0
[    0.472387] PCI: Using ACPI for IRQ routing
[    0.476233] NetLabel: Initializing
[    0.478048] NetLabel:  domain hash size = 128
[    0.480004] NetLabel:  protocols = UNLABELED CIPSOv4 CALIPSO
[    0.482682] NetLabel:  unlabeled traffic allowed by default
[    0.484294] clocksource: Switched to clocksource kvm-clock
[    0.510634] VFS: Disk quotas dquot_6.6.0
[    0.511078] VFS: Dquot-cache hash table entries: 512 (order 0, 4096 bytes)
[    0.511078] AppArmor: AppArmor Filesystem Enabled
[    0.511078] pnp: PnP ACPI init
[    0.511078] pnp: PnP ACPI: found 3 devices
[    0.550997] clocksource: acpi_pm: mask: 0xffffff max_cycles: 0xffffff, max_idle_ns: 2085701024 ns
[    0.552226] NET: Registered protocol family 2
[    0.552226] IP idents hash table entries: 16384 (order: 5, 131072 bytes)
[    0.560899] TCP established hash table entries: 8192 (order: 4, 65536 bytes)
[    0.564578] TCP bind hash table entries: 8192 (order: 5, 131072 bytes)
[    0.567758] TCP: Hash tables configured (established 8192 bind 8192)
[    0.568395] UDP hash table entries: 512 (order: 2, 16384 bytes)
[    0.568395] UDP-Lite hash table entries: 512 (order: 2, 16384 bytes)
[    0.568395] NET: Registered protocol family 1
[    0.568395] pci 0000:00:00.0: Limiting direct PCI/PCI transfers
[    0.568395] pci 0000:00:01.0: Activating ISA DMA hang workarounds
[    0.568395] pci 0000:00:02.0: Video device with shadowed ROM at [mem 0x000c0000-0x000dffff]
[    0.568395] Unpacking initramfs...
[    0.568395] Freeing initrd memory: 19528K
[    0.568395] clocksource: tsc: mask: 0xffffffffffffffff max_cycles: 0x2e09d0fa919, max_idle_ns: 440795281972 ns
[    0.568395] platform rtc_cmos: registered platform RTC device (no PNP device found)
[    0.568395] Scanning for low memory corruption every 60 seconds
[    0.887760] Initialise system trusted keyrings
[    0.890039] Key type blacklist registered
[    0.892799] workingset: timestamp_bits=36 max_order=18 bucket_order=0
[    0.897257] zbud: loaded
[    0.899823] squashfs: version 4.0 (2009/01/31) Phillip Lougher
[    0.903297] fuse init (API version 7.26)
[    0.930266] Key type asymmetric registered
[    0.932422] Asymmetric key parser 'x509' registered
[    0.935019] Block layer SCSI generic (bsg) driver version 0.4 loaded (major 246)
[    0.939003] io scheduler noop registered
[    0.941117] io scheduler deadline registered
[    0.943126] io scheduler cfq registered (default)
[    0.946048] ACPI: AC Adapter [AC] (on-line)
[    0.948039] input: Power Button as /devices/LNXSYSTM:00/LNXPWRBN:00/input/input0
[    0.951807] ACPI: Power Button [PWRF]
[    0.953709] input: Sleep Button as /devices/LNXSYSTM:00/LNXSLPBN:00/input/input1
[    0.957227] ACPI: Sleep Button [SLPF]
[    0.960619] Serial: 8250/16550 driver, 32 ports, IRQ sharing enabled
[    0.960970] ACPI: Battery Slot [BAT0] (battery present)
[    0.989304] 00:02: ttyS0 at I/O 0x3f8 (irq = 4, base_baud = 115200) is a 16550A
[    1.003767] Linux agpgart interface v0.103
[    1.012050] loop: module loaded
[    1.015538] scsi host0: ata_piix
[    1.018116] scsi host1: ata_piix
[    1.020028] ata1: PATA max UDMA/33 cmd 0x1f0 ctl 0x3f6 bmdma 0xd000 irq 14
[    1.023403] ata2: PATA max UDMA/33 cmd 0x170 ctl 0x376 bmdma 0xd008 irq 15
[    1.026973] tun: Universal TUN/TAP device driver, 1.6
[    1.030305] PPP generic driver version 2.4.2
[    1.032912] ehci_hcd: USB 2.0 'Enhanced' Host Controller (EHCI) Driver
[    1.035927] ehci-pci: EHCI PCI platform driver
[    1.038331] ehci-platform: EHCI generic platform driver
[    1.040991] ohci_hcd: USB 1.1 'Open' Host Controller (OHCI) Driver
[    1.043877] ohci-pci: OHCI PCI platform driver
[    1.046232] ohci-platform: OHCI generic platform driver
[    1.048981] uhci_hcd: USB Universal Host Controller Interface driver
[    1.052331] i8042: PNP: PS/2 Controller [PNP0303:PS2K,PNP0f03:PS2M] at 0x60,0x64 irq 1,12
[    1.058044] serio: i8042 KBD port at 0x60,0x64 irq 1
[    1.060652] serio: i8042 AUX port at 0x60,0x64 irq 12
[    1.063628] mousedev: PS/2 mouse device common for all mice
[    1.067673] input: AT Translated Set 2 keyboard as /devices/platform/i8042/serio0/input/input2
[    1.069106] rtc_cmos rtc_cmos: rtc core: registered rtc_cmos as rtc0
[    1.076463] rtc_cmos rtc_cmos: alarms up to one day, 114 bytes nvram
[    1.079299] i2c /dev entries driver
[    1.081123] device-mapper: uevent: version 1.0.3
[    1.083442] device-mapper: ioctl: 4.37.0-ioctl (2017-09-20) initialised: dm-devel@redhat.com
[    1.087854] ledtrig-cpu: registered to indicate activity on CPUs
[    1.092264] NET: Registered protocol family 10
[    1.101657] Segment Routing with IPv6
[    1.103465] NET: Registered protocol family 17
[    1.105953] Key type dns_resolver registered
[    1.108841] mce: Using 0 MCE banks
[    1.110572] RAS: Correctable Errors collector initialized.
[    1.113306] sched_clock: Marking stable (1113233553, 0)->(1496745937, -383512384)
[    1.118726] registered taskstats version 1
[    1.120964] Loading compiled-in X.509 certificates
[    1.126259] Loaded X.509 cert 'Build time autogenerated kernel key: b5b26778eaa3ab3a4a6cee031137706e947d12ad'
[    1.131295] Loaded X.509 cert 'Canonical Ltd. Live Patch Signing: 14df34d1a87cf37625abec039ef2bf521249b969'
[    1.136180] Loaded X.509 cert 'Canonical Ltd. Kernel Module Signing: 88f752e560a1e0737e31163a466ad7b70a850c19'
[    1.140777] blacklist: Loading compiled-in revocation X.509 certificates
[    1.143855] Loaded X.509 cert 'Canonical Ltd. Secure Boot Signing: 61482aa2830d0ab2ad5af10b7250da9033ddcef0'
[    1.148553] Loaded X.509 cert 'Canonical Ltd. Secure Boot Signing (2017): 242ade75ac4a15e50d50c84b0d45ff3eae707a03'
[    1.153273] Loaded X.509 cert 'Canonical Ltd. Secure Boot Signing (ESM 2018): 365188c1d374d6b07c3c8f240f8ef722433d6a8b'
[    1.158106] Loaded X.509 cert 'Canonical Ltd. Secure Boot Signing (2019): c0746fd6c5da3ae827864651ad66ae47fe24b3e8'
[    1.162808] Loaded X.509 cert 'Canonical Ltd. Secure Boot Signing (2021 v1): a8d54bbb3825cfb94fa13c9f8a594a195c107b8d'
[    1.167637] Loaded X.509 cert 'Canonical Ltd. Secure Boot Signing (2021 v2): 4cf046892d6fd3c9a5b03f98d845f90851dc6a8c'
[    1.172684] Loaded X.509 cert 'Canonical Ltd. Secure Boot Signing (2021 v3): 100437bb6de6e469b581e61cd66bce3ef4ed53af'
[    1.177524] Loaded X.509 cert 'Canonical Ltd. Secure Boot Signing (Ubuntu Core 2019): c1d57b8f6b743f23ee41f4f7ee292f06eecadfb9'
[    1.182709] zswap: loaded using pool lzo/zbud
[    1.208010] Key type big_key registered
[    1.209956] Key type trusted registered
[    1.213444] Key type encrypted registered
[    1.215303] AppArmor: AppArmor sha1 policy hashing enabled
[    1.217870] ima: No TPM chip found, activating TPM-bypass! (rc=-19)
[    1.220778] ima: Allocated hash algorithm: sha1
[    1.222845] evm: HMAC attrs: 0x1
[    1.225034]   Magic number: 0:923:703
[    1.227182] rtc_cmos rtc_cmos: setting system clock to 2024-07-06 22:39:46 UTC (1720305586)
[    1.231915] BIOS EDD facility v0.16 2004-Jun-25, 0 devices found
[    1.234794] EDD information not available.
[    1.238765] Freeing unused kernel image memory: 2480K
[    1.259714] Write protecting the kernel read-only data: 20480k
[    1.263101] Freeing unused kernel image memory: 2008K
[    1.265732] Freeing unused kernel image memory: 1820K
[    1.272230] x86/mm: Checked W+X mappings: passed, no W+X pages found.
Loading, please wait...
starting version 237
[    1.330776] e1000: Intel(R) PRO/1000 Network Driver - version 7.3.21-k8-NAPI
[    1.334668] e1000: Copyright (c) 1999-2006 Intel Corporation.
[    1.337997] Fusion MPT base driver 3.04.20
[    1.339933] Copyright (c) 1999-2008 LSI Corporation
[    1.359945] Fusion MPT SPI Host driver 3.04.20
[    1.364268] SSE version of gcm_enc/dec engaged.
[    1.572412] input: ImExPS/2 Generic Explorer Mouse as /devices/platform/i8042/serio1/input/input4
[    1.863576] e1000 0000:00:03.0 eth0: (PCI:33MHz:32-bit) 02:3b:7b:b7:3b:2d
[    1.866590] e1000 0000:00:03.0 eth0: Intel(R) PRO/1000 Network Connection
[    1.872730] mptbase: ioc0: Initiating bringup
[    2.084692] ioc0: LSI53C1030 A0: Capabilities={Initiator}
[    3.133362] scsi host2: ioc0: LSI53C1030 A0, FwRev=00000000h, Ports=1, MaxQ=256, IRQ=20
[    3.460378] scsi 2:0:0:0: Direct-Access     VBOX     HARDDISK         1.0  PQ: 0 ANSI: 5
[    3.500394] scsi target2:0:0: Beginning Domain Validation
[    3.506441] scsi target2:0:0: Domain Validation skipping write tests
[    3.509437] scsi target2:0:0: Ending Domain Validation
[    3.511972] scsi target2:0:0: asynchronous
[    3.515322] scsi 2:0:1:0: Direct-Access     VBOX     HARDDISK         1.0  PQ: 0 ANSI: 5
[    3.912400] scsi target2:0:1: Beginning Domain Validation
[    3.919300] scsi target2:0:1: Domain Validation skipping write tests
[    3.922297] scsi target2:0:1: Ending Domain Validation
[    3.924982] scsi target2:0:1: asynchronous
[    3.934940] sd 2:0:0:0: Attached scsi generic sg0 type 0
[    3.938680] sd 2:0:1:0: Attached scsi generic sg1 type 0
[    3.941388] sd 2:0:0:0: [sda] 83886080 512-byte logical blocks: (42.9 GB/40.0 GiB)
[    3.945201] sd 2:0:0:0: [sda] Write Protect is off
[    3.948035] sd 2:0:0:0: [sda] Incomplete mode parameter data
[    3.950857] sd 2:0:0:0: [sda] Assuming drive cache: write through
[    3.951930] sd 2:0:1:0: [sdb] 20480 512-byte logical blocks: (10.5 MB/10.0 MiB)
[    3.960695]  sda: sda1
[    3.968376] sd 2:0:0:0: [sda] Attached SCSI disk
[    3.968759] sd 2:0:1:0: [sdb] Write Protect is off
[    3.972385] e1000 0000:00:08.0 eth1: (PCI:33MHz:32-bit) 08:00:27:31:14:57
[    3.976258] e1000 0000:00:08.0 eth1: Intel(R) PRO/1000 Network Connection
[    3.976535] sd 2:0:1:0: [sdb] Incomplete mode parameter data
[    3.981981] sd 2:0:1:0: [sdb] Assuming drive cache: write through
[    3.989714] sd 2:0:1:0: [sdb] Attached SCSI disk
[    3.993745] e1000 0000:00:08.0 enp0s8: renamed from eth1
[    4.012872] e1000 0000:00:03.0 enp0s3: renamed from eth0
Begin: Loading essential drivers ... 